{ Using PSTWRITER 16.6.0 d001Nov-13-2017 at 09:16:04 }

#1 WARNING(ORCAP-36030): Value of Property "ERROR(ORCAP-36079): Device" missing from instance C100: HI3535DMEB, 07. DDR3_A (13.76, 7.84).
#2 WARNING(ORCAP-36006): Part Name "C_SC0402_100NF_(T:SC0402;B:SC0402,SC0402-BGA,SC0402-BGA-A)" is renamed to "C_SC0402_100NF_(T:SC0402;B:SC04".
#3 WARNING(ORCAP-36030): Value of Property "ERROR(ORCAP-36079): Device" missing from instance C101: HI3535DMEB, 07. DDR3_A (13.51, 7.84).
#4 WARNING(ORCAP-36030): Value of Property "ERROR(ORCAP-36079): Device" missing from instance C102: HI3535DMEB, 07. DDR3_A (12.06, 5.79).
#5 WARNING(ORCAP-36030): Value of Property "ERROR(ORCAP-36079): Device" missing from instance C103: HI3535DMEB, 07. DDR3_A (12.31, 5.79).
#6 WARNING(ORCAP-36030): Value of Property "ERROR(ORCAP-36079): Device" missing from instance C104: HI3535DMEB, 07. DDR3_A (12.56, 5.79).
#7 WARNING(ORCAP-36030): Value of Property "ERROR(ORCAP-36079): Device" missing from instance C105: HI3535DMEB, 07. DDR3_A (12.81, 5.79).
#8 WARNING(ORCAP-36030): Value of Property "ERROR(ORCAP-36079): Device" missing from instance C106: HI3535DMEB, 07. DDR3_A (13.06, 5.79).
#9 WARNING(ORCAP-36030): Value of Property "ERROR(ORCAP-36079): Device" missing from instance C107: HI3535DMEB, 07. DDR3_A (13.31, 5.79).
#10 WARNING(ORCAP-36030): Value of Property "ERROR(ORCAP-36079): Device" missing from instance C108: HI3535DMEB, 07. DDR3_A (13.56, 5.79).
#11 WARNING(ORCAP-36030): Value of Property "ERROR(ORCAP-36079): Device" missing from instance C109: HI3535DMEB, 07. DDR3_A (13.86, 5.79).
#12 WARNING(ORCAP-36030): Value of Property "ERROR(ORCAP-36079): Device" missing from instance C144: HI3535DMEB, 12. USB & SATA (9.17, 9.13).
#13 WARNING(ORCAP-36030): Value of Property "ERROR(ORCAP-36079): Device" missing from instance C145: HI3535DMEB, 12. USB & SATA (9.17, 9.03).
#14 WARNING(ORCAP-36030): Value of Property "ERROR(ORCAP-36079): Device" missing from instance C146: HI3535DMEB, 12. USB & SATA (16.99, 4.35).
#15 WARNING(ORCAP-36030): Value of Property "ERROR(ORCAP-36079): Device" missing from instance C147: HI3535DMEB, 12. USB & SATA (16.99, 4.55).
#16 WARNING(ORCAP-36030): Value of Property "ERROR(ORCAP-36079): Device" missing from instance C148: HI3535DMEB, 12. USB & SATA (17.01, 2.84).
#17 WARNING(ORCAP-36030): Value of Property "ERROR(ORCAP-36079): Device" missing from instance C149: HI3535DMEB, 12. USB & SATA (17.01, 2.54).
#18 WARNING(ORCAP-36030): Value of Property "ERROR(ORCAP-36079): Device" missing from instance C150: HI3535DMEB, 12. USB & SATA (17.01, 2.44).
#19 WARNING(ORCAP-36030): Value of Property "ERROR(ORCAP-36079): Device" missing from instance C151: HI3535DMEB, 12. USB & SATA (16.99, 4.25).
#20 WARNING(ORCAP-36030): Value of Property "ERROR(ORCAP-36079): Device" missing from instance C152: HI3535DMEB, 12. USB & SATA (16.99, 4.65).
#21 WARNING(ORCAP-36030): Value of Property "ERROR(ORCAP-36079): Device" missing from instance C153: HI3535DMEB, 12. USB & SATA (17.01, 2.74).
#22 WARNING(ORCAP-36030): Value of Property "ERROR(ORCAP-36079): Device" missing from instance C154: HI3535DMEB, 12. USB & SATA (16.94, 6.47).
#23 WARNING(ORCAP-36030): Value of Property "ERROR(ORCAP-36079): Device" missing from instance C155: HI3535DMEB, 12. USB & SATA (16.94, 6.07).
#24 WARNING(ORCAP-36030): Value of Property "ERROR(ORCAP-36079): Device" missing from instance C156: HI3535DMEB, 12. USB & SATA (16.94, 6.37).
#25 WARNING(ORCAP-36030): Value of Property "ERROR(ORCAP-36079): Device" missing from instance C157: HI3535DMEB, 12. USB & SATA (16.94, 6.17).
#26 WARNING(ORCAP-36030): Value of Property "ERROR(ORCAP-36079): Device" missing from instance C2080: HI3535DMEB, 14. HDMI (7.13, 2.52).
#27 WARNING(ORCAP-36030): Value of Property "ERROR(ORCAP-36079): Device" missing from instance C2081: HI3535DMEB, 14. HDMI (5.80, 2.76).
#28 ERROR(ORCAP-36003): Conflicting values of following Component Definition properties found on C430 and C110 for part "C0402C104K8PAC_7867".
              ALT_SYMBOLS
#29 ERROR(ORCAP-36003): Conflicting values of following Component Definition properties found on C432 and C110 for part "C0402C104K8PAC_7867".
              ALT_SYMBOLS
#30 WARNING(ORCAP-36030): Value of Property "ERROR(ORCAP-36079): Device" missing from instance C87: HI3535DMEB, 07. DDR3_A (14.11, 5.79).
#31 WARNING(ORCAP-36030): Value of Property "ERROR(ORCAP-36079): Device" missing from instance C88: HI3535DMEB, 07. DDR3_A (11.76, 7.84).
#32 WARNING(ORCAP-36030): Value of Property "ERROR(ORCAP-36079): Device" missing from instance C89: HI3535DMEB, 07. DDR3_A (12.01, 7.84).
#33 WARNING(ORCAP-36030): Value of Property "ERROR(ORCAP-36079): Device" missing from instance C90: HI3535DMEB, 07. DDR3_A (12.26, 7.84).
#34 WARNING(ORCAP-36030): Value of Property "ERROR(ORCAP-36079): Device" missing from instance C91: HI3535DMEB, 07. DDR3_A (12.51, 7.84).
#35 WARNING(ORCAP-36030): Value of Property "ERROR(ORCAP-36079): Device" missing from instance C92: HI3535DMEB, 07. DDR3_A (12.76, 7.84).
#36 WARNING(ORCAP-36030): Value of Property "ERROR(ORCAP-36079): Device" missing from instance C93: HI3535DMEB, 07. DDR3_A (13.01, 7.84).
#37 WARNING(ORCAP-36030): Value of Property "ERROR(ORCAP-36079): Device" missing from instance C94: HI3535DMEB, 07. DDR3_A (13.26, 7.84).
#38 WARNING(ORCAP-36030): Value of Property "ERROR(ORCAP-36079): Device" missing from instance C95: HI3535DMEB, 07. DDR3_A (14.54, 1.45).
#39 WARNING(ORCAP-36030): Value of Property "ERROR(ORCAP-36079): Device" missing from instance C96: HI3535DMEB, 07. DDR3_A (14.54, 0.70).
#40 WARNING(ORCAP-36030): Value of Property "ERROR(ORCAP-36079): Device" missing from instance C97: HI3535DMEB, 07. DDR3_A (12.52, 0.70).
#41 WARNING(ORCAP-36030): Value of Property "ERROR(ORCAP-36079): Device" missing from instance C99: HI3535DMEB, 07. DDR3_A (12.52, 1.45).
#42 WARNING(ORCAP-36030): Value of Property "ERROR(ORCAP-36079): Device" missing from instance R115: HI3535DMEB, 09. System & flash (12.45, 8.87).
#43 WARNING(ORCAP-36030): Value of Property "ERROR(ORCAP-36079): Device" missing from instance R116: HI3535DMEB, 09. System & flash (12.20, 8.47).
#44 WARNING(ORCAP-36030): Value of Property "ERROR(ORCAP-36079): Device" missing from instance R117: HI3535DMEB, 09. System & flash (15.50, 1.96).
#45 WARNING(ORCAP-36030): Value of Property "ERROR(ORCAP-36079): Device" missing from instance R118: HI3535DMEB, 13. Display (14.36, 8.52).
#46 WARNING(ORCAP-36030): Value of Property "ERROR(ORCAP-36079): Device" missing from instance R119: HI3535DMEB, 13. Display (12.53, 8.52).
#47 WARNING(ORCAP-36030): Value of Property "ERROR(ORCAP-36079): Device" missing from instance R120: HI3535DMEB, 13. Display (12.41, 7.72).
#48 WARNING(ORCAP-36030): Value of Property "ERROR(ORCAP-36079): Device" missing from instance R121: HI3535DMEB, 13. Display (14.36, 7.72).
#49 WARNING(ORCAP-36030): Value of Property "ERROR(ORCAP-36079): Device" missing from instance R27: HI3535DMEB, 10. Power on setting pins (8.72, 2.81).
#50 WARNING(ORCAP-36030): Value of Property "ERROR(ORCAP-36079): Device" missing from instance R28: HI3535DMEB, 10. Power on setting pins (8.72, 3.54).
#51 WARNING(ORCAP-36030): Value of Property "ERROR(ORCAP-36079): Device" missing from instance R29: HI3535DMEB, 10. Power on setting pins (10.99, 2.78).
#52 WARNING(ORCAP-36030): Value of Property "ERROR(ORCAP-36079): Device" missing from instance R30: HI3535DMEB, 10. Power on setting pins (10.99, 3.51).
#53 WARNING(ORCAP-36030): Value of Property "ERROR(ORCAP-36079): Device" missing from instance R35: HI3535DMEB, 10. Power on setting pins (9.10, 7.34).
#54 WARNING(ORCAP-36030): Value of Property "ERROR(ORCAP-36079): Device" missing from instance R46: HI3535DMEB, 09. System & flash (12.30, 5.77).
#55 WARNING(ORCAP-36030): Value of Property "ERROR(ORCAP-36079): Device" missing from instance R47: HI3535DMEB, 09. System & flash (12.60, 5.77).
#56 WARNING(ORCAP-36030): Value of Property "ERROR(ORCAP-36079): Device" missing from instance R48: HI3535DMEB, 09. System & flash (12.80, 5.77).
#57 WARNING(ORCAP-36030): Value of Property "ERROR(ORCAP-36079): Device" missing from instance R49: HI3535DMEB, 09. System & flash (15.40, 6.32).
#58 WARNING(ORCAP-36030): Value of Property "ERROR(ORCAP-36079): Device" missing from instance R50: HI3535DMEB, 09. System & flash (15.55, 6.32).
#59 WARNING(ORCAP-36030): Value of Property "ERROR(ORCAP-36079): Device" missing from instance R51: HI3535DMEB, 09. System & flash (13.37, 1.56).
#60 WARNING(ORCAP-36030): Value of Property "ERROR(ORCAP-36079): Device" missing from instance R52: HI3535DMEB, 09. System & flash (14.95, 1.56).
#61 WARNING(ORCAP-36030): Value of Property "ERROR(ORCAP-36079): Device" missing from instance R53: HI3535DMEB, 09. System & flash (13.23, 1.56).
#62 WARNING(ORCAP-36030): Value of Property "ERROR(ORCAP-36079): Device" missing from instance R54: HI3535DMEB, 09. System & flash (13.45, 3.27).
#63 WARNING(ORCAP-36030): Value of Property "ERROR(ORCAP-36079): Device" missing from instance R64: HI3535DMEB, 10. Power on setting pins (9.10, 8.07).
#64 WARNING(ORCAP-36030): Value of Property "ERROR(ORCAP-36079): Device" missing from instance R71: HI3535DMEB, 06. HI3535 DDR3 (2.63, 8.92).
#65 WARNING(ORCAP-36030): Value of Property "ERROR(ORCAP-36079): Device" missing from instance R72: HI3535DMEB, 07. DDR3_A (8.76, 6.24).
#66 WARNING(ORCAP-36006): Part Name "R_SR0402_240_(T:SR0402;B:SR0402,SR0402-BGA)" is renamed to "R_SR0402_240_(T:SR0402;B:SR0402".
#67 WARNING(ORCAP-36030): Value of Property "ERROR(ORCAP-36079): Device" missing from instance R73: HI3535DMEB, 08. DDR3_B (9.84, 7.03).
#68 WARNING(ORCAP-36030): Value of Property "ERROR(ORCAP-36079): Device" missing from instance R74: HI3535DMEB, 10. Power on setting pins (13.21, 3.52).
#69 WARNING(ORCAP-36030): Value of Property "ERROR(ORCAP-36079): Device" missing from instance R75: HI3535DMEB, 10. Power on setting pins (13.21, 2.79).
#70 ERROR(ORCAP-36018): Aborting Netlisting... Please correct the above errors and retry.
