(---------------------------------------------------------------------)
(                                                                     )
(    Allegro Netrev Import Logic                                      )
(                                                                     )
(    Drawing          : Hi3535DMEB_VER_A_PCB.brd                      )
(    Software Version : 16.6P004                                      )
(    Date/Time        : Wed Nov 15 09:07:28 2017                      )
(                                                                     )
(---------------------------------------------------------------------)


------ Directives ------

RIPUP_ETCH FALSE;
RIPUP_DELETE_FIRST_SEGMENT FALSE;
RIPUP_RETAIN_BONDWIRE FALSE;
RIPUP_SYMBOLS ALWAYS;
Missing symbol has error FALSE;
SCHEMATIC_DIRECTORY 'F:/Lab209B1/mbedComputer/Hi3535/Development/Dev board/hi3535/nvr-khanh-new/2. Layout';
BOARD_DIRECTORY '';
OLD_BOARD_NAME 'F:/Lab209B1/mbedComputer/Hi3535/Development/Dev board/hi3535/nvr-khanh-new/2. Layout/Hi3535DMEB_VER_A_PCB.brd';
NEW_BOARD_NAME 'F:/Lab209B1/mbedComputer/Hi3535/Development/Dev board/hi3535/nvr-khanh-new/2. Layout/Hi3535DMEB_VER_A_PCB.brd';

CmdLine: netrev -$ -i F:/Lab209B1/mbedComputer/Hi3535/Development/Dev board/hi3535/nvr-khanh-new/2. Layout -y 1 -z F:/Lab209B1/mbedComputer/Hi3535/Development/Dev board/hi3535/nvr-khanh-new/2. Layout/#Taaaabq07644.tmp

------ Preparing to read pst files ------

Starting to read F:/Lab209B1/mbedComputer/Hi3535/Development/Dev board/hi3535/nvr-khanh-new/2. Layout/pstchip.dat 
   Finished reading F:/Lab209B1/mbedComputer/Hi3535/Development/Dev board/hi3535/nvr-khanh-new/2. Layout/pstchip.dat (00:00:00.05)
Starting to read F:/Lab209B1/mbedComputer/Hi3535/Development/Dev board/hi3535/nvr-khanh-new/2. Layout/pstxprt.dat 
   Finished reading F:/Lab209B1/mbedComputer/Hi3535/Development/Dev board/hi3535/nvr-khanh-new/2. Layout/pstxprt.dat (00:00:00.04)
Starting to read F:/Lab209B1/mbedComputer/Hi3535/Development/Dev board/hi3535/nvr-khanh-new/2. Layout/pstxnet.dat 
   Finished reading F:/Lab209B1/mbedComputer/Hi3535/Development/Dev board/hi3535/nvr-khanh-new/2. Layout/pstxnet.dat (00:00:00.03)

------ Oversights/Warnings/Errors ------


#1   WARNING(SPMHNI-192): Device/Symbol check warning detected. [help]

WARNING(SPMHNI-194): Symbol 'SC0402-BGA-A' for device 'C_SC0402_100NF_(T:SC0402;B:SC04' not found in PSMPATH or must be "dbdoctor"ed.

#2   WARNING(SPMHNI-192): Device/Symbol check warning detected. [help]

WARNING(SPMHNI-194): Symbol 'SC0402-BGA-A' for device 'C0402C104K8PAC_7867' not found in PSMPATH or must be "dbdoctor"ed.

#3   WARNING(SPMHNI-192): Device/Symbol check warning detected. [help]

WARNING(SPMHNI-194): Symbol 'SR0402-BGA' for device 'RC0402FR_071KL' not found in PSMPATH or must be "dbdoctor"ed.

#4   WARNING(SPMHNI-192): Device/Symbol check warning detected. [help]

WARNING(SPMHNI-194): Symbol 'SR0402-BGA' for device 'R_SR0402_240_(T:SR0402;B:SR0402' not found in PSMPATH or must be "dbdoctor"ed.

#5   WARNING(SPMHNI-192): Device/Symbol check warning detected. [help]

ERROR(SPMHNI-196): Symbol 'ZM5304' for device 'ZM5304_0_ZM5304_ZM5304' has extra pin '50'.

ERROR(SPMHNI-196): Symbol 'ZM5304' for device 'ZM5304_0_ZM5304_ZM5304' has extra pin '49'.

------ Library Paths ------
MODULEPATH =  . 
           G:/Cadence/SPB_16.6/share/local/pcb/modules 

PSMPATH =  . 
           symbols 
           .. 
           ../symbols 
           G:/Cadence/SPB_16.6/share/local/pcb/symbols 
           G:/Cadence/SPB_16.6/share/pcb/pcb_lib/symbols 
           G:/Cadence/SPB_16.6/share/pcb/allegrolib/symbols 
           G:/CADENCE/SPB_DATA/Library/Footprint/ 
           G:/Cadence/SPB_Data/Library/ 

PADPATH =  . 
           symbols 
           .. 
           ../symbols 
           G:/Cadence/SPB_16.6/share/local/pcb/padstacks 
           G:/Cadence/SPB_16.6/share/pcb/pcb_lib/symbols 
           G:/Cadence/SPB_16.6/share/pcb/allegrolib/symbols 
           G:/CADENCE/SPB_DATA/Library/Footprint/ 
           G:/Cadence/SPB_Data/Library/ 


------ Summary Statistics ------


netrev run on Nov 15 9:07:28 2017
   DESIGN NAME : 'HI3535DMEB_VER_A_SCH'
   PACKAGING ON Sep 10 2012 04:46:09

   COMPILE 'logic'
   CHECK_PIN_NAMES OFF
   CROSS_REFERENCE OFF
   FEEDBACK OFF
   INCREMENTAL OFF
   INTERFACE_TYPE PHYSICAL
   MAX_ERRORS 500
   MERGE_MINIMUM 5
   NET_NAME_CHARS '#%&()*+-./:=>?@[]^_`|'
   NET_NAME_LENGTH 24
   OVERSIGHTS ON
   REPLACE_CHECK OFF
   SINGLE_NODE_NETS ON
   SPLIT_MINIMUM 0
   SUPPRESS   20
   WARNINGS ON

 No error detected
 No oversight detected
  5 warnings detected

cpu time      0:01:45
elapsed time  0:00:00

