(---------------------------------------------------------------------)
(                                                                     )
(    QUICKPLACE LOG                                                   )
(                                                                     )
(    Drawing          : Hi3535DMEB_VER_A_PCB.brd                      )
(    Software Version : 16.6P004                                      )
(    Date/Time        : Mon Nov 13 10:20:33 2017                      )
(                                                                     )
(---------------------------------------------------------------------)


State: Placing on layer TOP

ERROR:   Cannot place symbol:  U7 / HI3535 / PBGA563-32-2828
         due to ERROR(SPMHGE-82): Pin numbers do not match between symbol and component. Run dev_check on device file for more information.
ERROR:   Cannot place symbol:  U89 / ZM5304_0_ZM5304_ZM5304 / ZM5304
         due to ERROR(SPMHGE-82): Pin numbers do not match between symbol and component. Run dev_check on device file for more information.
         Placed symbol:  U92 / GLI8024-48_3_SSOP28_GL850G / SSOP28 at (2383.61 7590.04)
         Placed symbol:  J1852 / HDMI_A_HDMI_A_10029449-111RLF_1 / HDMI_A at (2788.35 7455.04)
         Placed symbol:  U91 / DS8008_2_SLP2510P8_NC/RCLAMP052 / SLP2510P8 at (3395.63 7449.45)
         Placed symbol:  U90 / DS8008_1_SLP2510P8_NC/RCLAMP052 / SLP2510P8 at (3525.74 7449.45)
         Placed symbol:  U81 / LM4990_0_SOIC-8_MCP7940M-I/SN / SOIC-8 at (3721.18 7510.96)
         Placed symbol:  Q6 / MOSFET N_SOT23_WNM2021/2SK3018_ / SOT23 at (3920.57 7485.54)
         Placed symbol:  Q7 / MOSFET N_SOT23_WNM2021/2SK3018_ / SOT23 at (4362.12 4423.74)
         Placed symbol:  Q8 / MOSFET N_SOT23_NC/WNM2021/2SK30 / SOT23 at (4362.12 4265.74)
         Placed symbol:  C2054 / CAP NP_C0402_8PF / C0402 at (4024.51 7422.58)
         Placed symbol:  C2187 / CAP NP_2_C0402_0.1UF / C0402 at (4328.06 4155.74)
         Placed symbol:  C2897 / CAPACITOR_0_C0402_1UF / C0402 at (4328.06 4108.70)
         Placed symbol:  D2 / DIODE_SOD123_1N5819 / SOD123 at (4387.51 4061.66)
         Placed symbol:  D4 / DIODE_SOD123_NC/1N5819 / SOD123 at (4387.51 4000.64)
         Placed symbol:  D49 / DIODE_0_SOD523_1N4148 / SOD523 at (4340.85 3939.62)
         Placed symbol:  ED15 / TVS_E0402N_NC/ESD9B5VL / E0402N at (4349.12 3888.84)
         Placed symbol:  ED16 / TVS_E0402N_NC/ESD9B5VL / E0402N at (4349.12 3826.84)
         Placed symbol:  ED17 / TVS_E0402N_NC/ESD9B5VL / E0402N at (4349.12 3764.84)
         Placed symbol:  C2899 / CAPACITOR_0_C0603_4.7UF / C0603 at (4083.17 7453.88)
         Placed symbol:  C2038 / CAPACITOR_0_C0603_4.7UF / C0603 at (4316.84 3675.28)
         Placed symbol:  C2898 / CAPACITOR_C0402_0.1UF / C0402 at (4328.06 3596.94)
         Placed symbol:  C2041 / CAPACITOR_C0402_0.1UF / C0402 at (4328.06 3549.90)
         Placed symbol:  C2053 / CAP NP_C0402_8PF / C0402 at (4328.06 3502.86)
         Placed symbol:  C2037 / CAPACITOR_C0402_8PF / C0402 at (4328.06 3455.82)
         Placed symbol:  C2036 / CAPACITOR_C0402_8PF / C0402 at (4328.06 3408.78)
         Placed symbol:  R2379 / RESISTOR_R0402_10K / R0402 at (4328.06 3361.74)
         Placed symbol:  R2378 / RESISTOR_R0402_100K / R0402 at (4328.06 3314.70)
         Placed symbol:  R2380 / RESISTOR_1_R0402_10K / R0402 at (4328.06 3267.66)
         Placed symbol:  R2917 / RESISTOR_R0402_1.62K%1 / R0402 at (4328.06 3220.62)
         Placed symbol:  R2918 / RESISTOR_R0402_1.62K%1 / R0402 at (4328.06 3173.58)
         Placed symbol:  R2919 / RESISTOR_R0402_1.62K%1 / R0402 at (4328.06 3126.54)
         Placed symbol:  R2920 / RESISTOR_R0402_1.62K%1 / R0402 at (4328.06 3079.50)
         Placed symbol:  R2922 / RESISTOR_R0402_NC/10K / R0402 at (4328.06 3032.46)
         Placed symbol:  R2923 / RESISTOR_R0402_NC/10K / R0402 at (4328.06 2985.42)
         Placed symbol:  R2925 / RESISTOR_R0402_680R / R0402 at (4328.06 2938.38)
         Placed symbol:  C2040 / CAPACITOR_C0402_0.1UF / C0402 at (4328.06 2891.34)
         Placed symbol:  C2039 / CAPACITOR_C0402_0.1UF / C0402 at (4328.06 2844.30)
         Placed symbol:  ED18 / TVS_E0402N_NC/ESD9B5VL / E0402N at (4349.12 2797.26)
         Placed symbol:  R2290 / RESISTOR_4_R0402_10K / R0402 at (4328.06 2735.26)
         Placed symbol:  X3 / CRYSTAL DIP DT38 R_2.A_5032-12M / 5032-12M at (4419.20 2665.98)
         Placed symbol:  Y6 / CRYSTAL DIP DT38 R_2.A_CM315D_3 / CM315D at (4379.83 2559.49)
         Placed symbol:  C2896 / C_SC0402_100NF / SC0402 at (4328.12 2475.25)
         Placed symbol:  C1980 / CAP NP_C0402_1UF / C0402 at (4328.06 2425.25)
         Placed symbol:  C2044 / CAP NP_C0402_1UF / C0402 at (4328.06 2378.21)
         Placed symbol:  FB3 / INDUCTOR_L0603_BLM18PG181SN1 / L0603 at (4349.12 2331.17)
         Placed symbol:  R2924 / RC0402JR_0747K / SR0402 at (4328.12 2274.17)
         Placed symbol:  R2921 / RC0603JR_070RL / SR0603 at (4345.12 2224.17)
         Placed symbol:  R2377 / RESISTOR_R0402_10K / R0402 at (4328.06 2168.17)
         Placed symbol:  BT1 / CON2_BAT_CR1220_BAT_3V / BAT_CR1220 at (4379.12 1737.47)


Placed 48 of 50 applicable (50 total) symbols.

-----------------------------------------------------------------------

